Unity Editor version:    2021.3.11f1 (0a5ca18544bf)
Branch:                  2021.3/staging
Build type:              Release
Batch mode:              YES
System name:             Linux
Distro version:          #1 SMP PREEMPT Sat Oct 15 13:39:11 UTC 2022
Kernel version:          5.15.74-3-MANJARO
Architecture:            x86_64
Available memory:        7695 MB
Using pre-set license
Pro License: YES

(Unity:7068): Gdk-CRITICAL **: 01:10:38.379: gdk_window_get_cursor: assertion 'GDK_IS_WINDOW (window)' failed
Desktop is 1920 x 1080 @ 60 Hz
Initialize udev device monitor.

COMMAND LINE ARGUMENTS:
Unity
-adb2
-batchMode
-noUpm
-name
AssetImportWorker0
-projectPath
/home/elizabeth/KittInn
-logFile
Logs/AssetImportWorker0.log
-srvPort
36383
Successfully changed project path to: /home/elizabeth/KittInn
/home/elizabeth/KittInn
[UnityMemory] Configuration Parameters - Can be set up in boot.config
    "memorysetup-bucket-allocator-granularity=16"
    "memorysetup-bucket-allocator-bucket-count=8"
    "memorysetup-bucket-allocator-block-size=33554432"
    "memorysetup-bucket-allocator-block-count=8"
    "memorysetup-main-allocator-block-size=16777216"
    "memorysetup-thread-allocator-block-size=16777216"
    "memorysetup-gfx-main-allocator-block-size=16777216"
    "memorysetup-gfx-thread-allocator-block-size=16777216"
    "memorysetup-cache-allocator-block-size=4194304"
    "memorysetup-typetree-allocator-block-size=2097152"
    "memorysetup-profiler-bucket-allocator-granularity=16"
    "memorysetup-profiler-bucket-allocator-bucket-count=8"
    "memorysetup-profiler-bucket-allocator-block-size=33554432"
    "memorysetup-profiler-bucket-allocator-block-count=8"
    "memorysetup-profiler-allocator-block-size=16777216"
    "memorysetup-profiler-editor-allocator-block-size=1048576"
    "memorysetup-temp-allocator-size-main=16777216"
    "memorysetup-job-temp-allocator-block-size=2097152"
    "memorysetup-job-temp-allocator-block-size-background=1048576"
    "memorysetup-job-temp-allocator-reduction-small-platforms=262144"
    "memorysetup-temp-allocator-size-background-worker=32768"
    "memorysetup-temp-allocator-size-job-worker=262144"
    "memorysetup-temp-allocator-size-preload-manager=33554432"
    "memorysetup-temp-allocator-size-nav-mesh-worker=65536"
    "memorysetup-temp-allocator-size-audio-worker=65536"
    "memorysetup-temp-allocator-size-cloud-worker=32768"
    "memorysetup-temp-allocator-size-gi-baking-worker=262144"
    "memorysetup-temp-allocator-size-gfx=262144"
Refreshing native plugins compatible for Editor in 119.83 ms, found 1 plugins.
Preloading 0 native plugins for Editor in 0.00 ms.
Initialize engine version: 2021.3.11f1 (0a5ca18544bf)
[Subsystems] Discovering subsystems at path /home/elizabeth/Applications/2021.3.11f1/Editor/Data/Resources/UnitySubsystems
[Subsystems] Discovering subsystems at path /home/elizabeth/KittInn/Assets
GLX Extensions: GLX_ARB_create_context GLX_ARB_create_context_no_error GLX_ARB_create_context_profile GLX_ARB_create_context_robustness GLX_ARB_fbconfig_float GLX_ARB_framebuffer_sRGB GLX_ARB_get_proc_address GLX_ARB_multisample GLX_EXT_buffer_age GLX_EXT_create_context_es2_profile GLX_EXT_create_context_es_profile GLX_EXT_fbconfig_packed_float GLX_EXT_framebuffer_sRGB GLX_EXT_no_config_context GLX_EXT_swap_control GLX_EXT_swap_control_tear GLX_EXT_texture_from_pixmap GLX_EXT_visual_info GLX_EXT_visual_rating GLX_INTEL_swap_event GLX_MESA_copy_sub_buffer GLX_MESA_query_renderer GLX_MESA_swap_control GLX_OML_swap_method GLX_OML_sync_control GLX_SGIS_multisample GLX_SGIX_fbconfig GLX_SGIX_pbuffer GLX_SGIX_visual_select_group GLX_SGI_make_current_read GLX_SGI_swap_control GLX_SGI_video_sync 
Renderer: Mesa Intel(R) UHD Graphics (TGL GT1)
Vendor:   Intel
Version:  4.6 (Core Profile) Mesa 22.1.7
GLES:     0
 GL_3DFX_texture_compression_FXT1 GL_AMD_conservative_depth GL_AMD_depth_clamp_separate GL_AMD_draw_buffers_blend GL_AMD_gpu_shader_int64 GL_AMD_multi_draw_indirect GL_AMD_performance_monitor GL_AMD_pinned_memory GL_AMD_query_buffer_object GL_AMD_seamless_cubemap_per_texture GL_AMD_shader_stencil_export GL_AMD_shader_trinary_minmax GL_AMD_texture_texture4 GL_AMD_vertex_shader_layer GL_AMD_vertex_shader_viewport_index GL_ANGLE_texture_compression_dxt3 GL_ANGLE_texture_compression_dxt5 GL_ARB_ES2_compatibility GL_ARB_ES3_1_compatibility GL_ARB_ES3_2_compatibility GL_ARB_ES3_compatibility GL_ARB_arrays_of_arrays GL_ARB_base_instance GL_ARB_blend_func_extended GL_ARB_buffer_storage GL_ARB_clear_buffer_object GL_ARB_clear_texture GL_ARB_clip_control GL_ARB_compressed_texture_pixel_storage GL_ARB_compute_shader GL_ARB_compute_variable_group_size GL_ARB_conditional_render_inverted GL_ARB_conservative_depth GL_ARB_copy_buffer GL_ARB_copy_image GL_ARB_cull_distance GL_ARB_debug_output GL_ARB_depth_buffer_float GL_ARB
_depth_clamp GL_ARB_derivative_control GL_ARB_direct_state_access GL_ARB_draw_buffers GL_ARB_draw_buffers_blend GL_ARB_draw_elements_base_vertex GL_ARB_draw_indirect GL_ARB_draw_instanced GL_ARB_enhanced_layouts GL_ARB_explicit_attrib_location GL_ARB_explicit_uniform_location GL_ARB_fragment_coord_conventions GL_ARB_fragment_layer_viewport GL_ARB_fragment_shader GL_ARB_fragment_shader_interlock GL_ARB_framebuffer_no_attachments GL_ARB_framebuffer_object GL_ARB_framebuffer_sRGB GL_ARB_get_program_binary GL_ARB_get_texture_sub_image GL_ARB_gl_spirv GL_ARB_gpu_shader5 GL_ARB_gpu_shader_fp64 GL_ARB_gpu_shader_int64 GL_ARB_half_float_pixel GL_ARB_half_float_vertex GL_ARB_indirect_parameters GL_ARB_instanced_arrays GL_ARB_internalformat_query GL_ARB_internalformat_query2 GL_ARB_invalidate_subdata GL_ARB_map_buffer_alignment GL_ARB_map_buffer_range GL_ARB_multi_bind GL_ARB_multi_draw_indirect GL_ARB_occlusion_query2 GL_ARB_parallel_shader_compile GL_ARB_pipeline_statistics_query GL_ARB_pixel_buffer_object GL_ARB_po
int_sprite GL_ARB_polygon_offset_clamp GL_ARB_post_depth_coverage GL_ARB_program_interface_query GL_ARB_provoking_vertex GL_ARB_query_buffer_object GL_ARB_robust_buffer_access_behavior GL_ARB_robustness GL_ARB_sample_shading GL_ARB_sampler_objects GL_ARB_seamless_cube_map GL_ARB_seamless_cubemap_per_texture GL_ARB_separate_shader_objects GL_ARB_shader_atomic_counter_ops GL_ARB_shader_atomic_counters GL_ARB_shader_ballot GL_ARB_shader_bit_encoding GL_ARB_shader_clock GL_ARB_shader_draw_parameters GL_ARB_shader_group_vote GL_ARB_shader_image_load_store GL_ARB_shader_image_size GL_ARB_shader_objects GL_ARB_shader_precision GL_ARB_shader_stencil_export GL_ARB_shader_storage_buffer_object GL_ARB_shader_subroutine GL_ARB_shader_texture_image_samples GL_ARB_shader_texture_lod GL_ARB_shader_viewport_layer_array GL_ARB_shading_language_420pack GL_ARB_shading_language_include GL_ARB_shading_language_packing GL_ARB_spirv_extensions GL_ARB_stencil_texturing GL_ARB_sync GL_ARB_tessellation_shader GL_ARB_texture_barrier G
L_ARB_texture_buffer_object GL_ARB_texture_buffer_object_rgb32 GL_ARB_texture_buffer_range GL_ARB_texture_compression_bptc GL_ARB_texture_compression_rgtc GL_ARB_texture_cube_map_array GL_ARB_texture_filter_anisotropic GL_ARB_texture_float GL_ARB_texture_gather GL_ARB_texture_mirror_clamp_to_edge GL_ARB_texture_multisample GL_ARB_texture_non_power_of_two GL_ARB_texture_query_levels GL_ARB_texture_query_lod GL_ARB_texture_rectangle GL_ARB_texture_rg GL_ARB_texture_rgb10_a2ui GL_ARB_texture_stencil8 GL_ARB_texture_storage GL_ARB_texture_storage_multisample GL_ARB_texture_swizzle GL_ARB_texture_view GL_ARB_timer_query GL_ARB_transform_feedback2 GL_ARB_transform_feedback3 GL_ARB_transform_feedback_instanced GL_ARB_transform_feedback_overflow_query GL_ARB_uniform_buffer_object GL_ARB_vertex_array_bgra GL_ARB_vertex_array_object GL_ARB_vertex_attrib_64bit GL_ARB_vertex_attrib_binding GL_ARB_vertex_buffer_object GL_ARB_vertex_shader GL_ARB_vertex_type_10f_11f_11f_rev GL_ARB_vertex_type_2_10_10_10_rev GL_ARB_viewpor
t_array GL_ATI_blend_equation_separate GL_ATI_texture_float GL_EXT_EGL_image_storage GL_EXT_EGL_sync GL_EXT_abgr GL_EXT_blend_equation_separate GL_EXT_demote_to_helper_invocation GL_EXT_depth_bounds_test GL_EXT_draw_buffers2 GL_EXT_draw_instanced GL_EXT_framebuffer_blit GL_EXT_framebuffer_multisample GL_EXT_framebuffer_multisample_blit_scaled GL_EXT_framebuffer_object GL_EXT_framebuffer_sRGB GL_EXT_memory_object GL_EXT_memory_object_fd GL_EXT_packed_depth_stencil GL_EXT_packed_float GL_EXT_pixel_buffer_object GL_EXT_polygon_offset_clamp GL_EXT_provoking_vertex GL_EXT_semaphore GL_EXT_semaphore_fd GL_EXT_shader_framebuffer_fetch GL_EXT_shader_framebuffer_fetch_non_coherent GL_EXT_shader_integer_mix GL_EXT_shader_samples_identical GL_EXT_texture_array GL_EXT_texture_compression_dxt1 GL_EXT_texture_compression_rgtc GL_EXT_texture_compression_s3tc GL_EXT_texture_filter_anisotropic GL_EXT_texture_integer GL_EXT_texture_sRGB GL_EXT_texture_sRGB_R8 GL_EXT_texture_sRGB_decode GL_EXT_texture_shadow_lod GL_EXT_texture
_shared_exponent GL_EXT_texture_snorm GL_EXT_texture_swizzle GL_EXT_timer_query GL_EXT_transform_feedback GL_EXT_vertex_array_bgra GL_EXT_vertex_attrib_64bit GL_IBM_multimode_draw_arrays GL_INTEL_blackhole_render GL_INTEL_conservative_rasterization GL_INTEL_performance_query GL_INTEL_shader_atomic_float_minmax GL_INTEL_shader_integer_functions2 GL_KHR_blend_equation_advanced GL_KHR_blend_equation_advanced_coherent GL_KHR_context_flush_control GL_KHR_debug GL_KHR_no_error GL_KHR_parallel_shader_compile GL_KHR_robust_buffer_access_behavior GL_KHR_robustness GL_KHR_texture_compression_astc_ldr GL_KHR_texture_compression_astc_sliced_3d GL_MESA_framebuffer_flip_y GL_MESA_pack_invert GL_MESA_shader_integer_functions GL_MESA_texture_signed_rgba GL_NV_compute_shader_derivatives GL_NV_conditional_render GL_NV_copy_image GL_NV_depth_clamp GL_NV_fragment_shader_interlock GL_NV_packed_depth_stencil GL_NV_texture_barrier GL_OES_EGL_image GL_S3_s3tc
OPENGL LOG: Creating OpenGL 4.6 graphics device ; Context level  <OpenGL 4.5> ; Context handle -1350702544
../mesa-22.1.7/src/intel/isl/isl.c:2216: FINISHME: ../mesa-22.1.7/src/intel/isl/isl.c:isl_surf_supports_ccs: CCS for 3D textures is disabled, but a workaround is available.
Initialize mono
Mono path[0] = '/home/elizabeth/Applications/2021.3.11f1/Editor/Data/Managed'
Mono path[1] = '/home/elizabeth/Applications/2021.3.11f1/Editor/Data/MonoBleedingEdge/lib/mono/unityjit-linux'
Mono config path = '/home/elizabeth/Applications/2021.3.11f1/Editor/Data/MonoBleedingEdge/etc'
Using monoOptions --debugger-agent=transport=dt_socket,embedding=1,server=y,suspend=n,address=127.0.0.1:56068
Begin MonoManager ReloadAssembly
Registering precompiled unity dll's ...
Register platform support module: /home/elizabeth/Applications/2021.3.11f1/Editor/Data/PlaybackEngines/WebGLSupport/UnityEditor.WebGL.Extensions.dll
Register platform support module: /home/elizabeth/Applications/2021.3.11f1/Editor/Data/PlaybackEngines/LinuxStandaloneSupport/UnityEditor.LinuxStandalone.Extensions.dll
Registered in 0.007946 seconds.
Native extension for LinuxStandalone target not found
Native extension for WebGL target not found
Refreshing native plugins compatible for Editor in 160.99 ms, found 1 plugins.
Preloading 0 native plugins for Editor in 0.00 ms.
Mono: successfully reloaded assembly
- Completed reload, in  1.137 seconds
Domain Reload Profiling:
	ReloadAssembly (1138ms)
		BeginReloadAssembly (115ms)
			ExecutionOrderSort (0ms)
			DisableScriptedObjects (0ms)
			BackupInstance (0ms)
			ReleaseScriptingObjects (0ms)
			CreateAndSetChildDomain (1ms)
		EndReloadAssembly (796ms)
			LoadAssemblies (114ms)
			RebuildTransferFunctionScriptingTraits (1ms)
			SetupTypeCache (237ms)
			ReleaseScriptCaches (0ms)
			RebuildScriptCaches (93ms)
			SetupLoadedEditorAssemblies (364ms)
				LogAssemblyErrors (0ms)
				InitializePlatformSupportModulesInManaged (16ms)
				SetLoadedEditorAssemblies (0ms)
				RefreshPlugins (161ms)
				BeforeProcessingInitializeOnLoad (2ms)
				ProcessInitializeOnLoadAttributes (144ms)
				ProcessInitializeOnLoadMethodAttributes (40ms)
				AfterProcessingInitializeOnLoad (0ms)
				EditorAssembliesLoaded (0ms)
			ExecutionOrderSort2 (0ms)
			AwakeInstancesAfterBackupRestoration (0ms)
Platform modules already initialized, skipping
Registering precompiled user dll's ...
Registered in 0.002929 seconds.
Begin MonoManager ReloadAssembly
Symbol file LoadedFromMemory doesn't match image /home/elizabeth/KittInn/Library/PackageCache/com.unity.visualscripting@1.7.8/Editor/VisualScripting.Core/Dependencies/YamlDotNet/Unity.VisualScripting.YamlDotNet.dll
Symbol file LoadedFromMemory doesn't match image /home/elizabeth/KittInn/Library/PackageCache/com.unity.visualscripting@1.7.8/Editor/VisualScripting.Core/Dependencies/DotNetZip/Unity.VisualScripting.IonicZip.dll
Native extension for LinuxStandalone target not found
Native extension for WebGL target not found
Refreshing native plugins compatible for Editor in 126.15 ms, found 1 plugins.
Preloading 0 native plugins for Editor in 0.00 ms.
Mono: successfully reloaded assembly
- Completed reload, in  1.346 seconds
Domain Reload Profiling:
	ReloadAssembly (1348ms)
		BeginReloadAssembly (116ms)
			ExecutionOrderSort (0ms)
			DisableScriptedObjects (6ms)
			BackupInstance (0ms)
			ReleaseScriptingObjects (0ms)
			CreateAndSetChildDomain (34ms)
		EndReloadAssembly (1131ms)
			LoadAssemblies (98ms)
			RebuildTransferFunctionScriptingTraits (0ms)
			SetupTypeCache (331ms)
			ReleaseScriptCaches (1ms)
			RebuildScriptCaches (85ms)
			SetupLoadedEditorAssemblies (563ms)
				LogAssemblyErrors (0ms)
				InitializePlatformSupportModulesInManaged (7ms)
				SetLoadedEditorAssemblies (0ms)
				RefreshPlugins (126ms)
				BeforeProcessingInitializeOnLoad (94ms)
				ProcessInitializeOnLoadAttributes (288ms)
				ProcessInitializeOnLoadMethodAttributes (43ms)
				AfterProcessingInitializeOnLoad (5ms)
				EditorAssembliesLoaded (0ms)
			ExecutionOrderSort2 (0ms)
			AwakeInstancesAfterBackupRestoration (3ms)
Platform modules already initialized, skipping
========================================================================
Worker process is ready to serve import requests
Launched and connected shader compiler UnityShaderCompiler after 0.02 seconds
Refreshing native plugins compatible for Editor in 1.27 ms, found 1 plugins.
Preloading 0 native plugins for Editor in 0.00 ms.
Unloading 4266 Unused Serialized files (Serialized files now loaded: 0)
Unloading 56 unused Assets / (200.7 KB). Loaded Objects now: 4740.
Memory consumption went from 175.1 MB to 174.9 MB.
Total: 6.450928 ms (FindLiveObjects: 0.422583 ms CreateObjectMapping: 0.163965 ms MarkObjects: 5.381651 ms  DeleteObjects: 0.480265 ms)

AssetImportParameters requested are different than current active one (requested -> active):
  custom:video-decoder-ogg-theora: a1e56fd34408186e4bbccfd4996cb3dc -> 
  custom:container-muxer-webm: aa71ff27fc2769a1b78a27578f13a17b -> 
  custom:container-demuxer-webm: 4f35f7cbe854078d1ac9338744f61a02 -> 
  custom:video-encoder-webm-vp8: eb34c28f22e8b96e1ab97ce403110664 -> 
  custom:audio-encoder-webm-vorbis: bf7c407c2cedff20999df2af8eb42d56 -> 
  custom:container-demuxer-ogg: 62fdf1f143b41e24485cea50d1cbac27 -> 
  custom:video-decoder-webm-vp8: 9c59270c3fd7afecdb556c50c9e8de78 -> 
  custom:audio-decoder-ogg-vorbis: bf7c407c2cedff20999df2af8eb42d56 -> 
========================================================================
Received Import Request.
  Time since last request: 11432.488342 seconds.
  path: Assets/Art/Bea/carrying-spritesheet.png
  artifactKey: Guid(f58b8db2ca1f49d33a7f14b096a55d1d) Importer(815301076,1909f56bfc062723c751e8b465ee728b)
Start importing Assets/Art/Bea/carrying-spritesheet.png using Guid(f58b8db2ca1f49d33a7f14b096a55d1d) Importer(815301076,1909f56bfc062723c751e8b465ee728b)  -> (artifact id: 'c4e53848605da2d2cc348bc8f8a062c2') in 0.122837 seconds 
========================================================================
Received Import Request.
  Time since last request: 13.145039 seconds.
  path: Assets/Art/Bea/carrying-spritesheet.png
  artifactKey: Guid(f58b8db2ca1f49d33a7f14b096a55d1d) Importer(815301076,1909f56bfc062723c751e8b465ee728b)
Start importing Assets/Art/Bea/carrying-spritesheet.png using Guid(f58b8db2ca1f49d33a7f14b096a55d1d) Importer(815301076,1909f56bfc062723c751e8b465ee728b)  -> (artifact id: '34ccb5903d4c3b9615c9affeda6d3e48') in 0.011740 seconds 
========================================================================
Received Import Request.
  Time since last request: 18.499770 seconds.
  path: Assets/Art/Bea/carrying-spritesheet.png
  artifactKey: Guid(f58b8db2ca1f49d33a7f14b096a55d1d) Importer(815301076,1909f56bfc062723c751e8b465ee728b)
Start importing Assets/Art/Bea/carrying-spritesheet.png using Guid(f58b8db2ca1f49d33a7f14b096a55d1d) Importer(815301076,1909f56bfc062723c751e8b465ee728b)  -> (artifact id: '1281521d72a9869ea2faf539f98f5621') in 0.096984 seconds 
========================================================================
Received Import Request.
  Time since last request: 11.701521 seconds.
  path: Assets/Art/Bea/bea-petting.png
  artifactKey: Guid(b87a893ee96ee616f9a173e8082ea5d0) Importer(815301076,1909f56bfc062723c751e8b465ee728b)
Start importing Assets/Art/Bea/bea-petting.png using Guid(b87a893ee96ee616f9a173e8082ea5d0) Importer(815301076,1909f56bfc062723c751e8b465ee728b)  -> (artifact id: '4734f5bed3ab8ea014573a06b02f742d') in 0.026180 seconds 
========================================================================
Received Import Request.
  Time since last request: 13.736177 seconds.
  path: Assets/Art/Bea/bea-petting.png
  artifactKey: Guid(b87a893ee96ee616f9a173e8082ea5d0) Importer(815301076,1909f56bfc062723c751e8b465ee728b)
Start importing Assets/Art/Bea/bea-petting.png using Guid(b87a893ee96ee616f9a173e8082ea5d0) Importer(815301076,1909f56bfc062723c751e8b465ee728b)  -> (artifact id: 'd66f3fb7cce61d5230f8f45672a11dff') in 0.053992 seconds 
========================================================================
Received Import Request.
  Time since last request: 35.048554 seconds.
  path: Assets/Art/Cats/cat-playing.png
  artifactKey: Guid(6db13e6e48185bd1a9197f35d0da2a3e) Importer(815301076,1909f56bfc062723c751e8b465ee728b)
Start importing Assets/Art/Cats/cat-playing.png using Guid(6db13e6e48185bd1a9197f35d0da2a3e) Importer(815301076,1909f56bfc062723c751e8b465ee728b)  -> (artifact id: 'e20d80189a027e68bc5f6d67bde9d387') in 0.039556 seconds 
========================================================================
Received Import Request.
  Time since last request: 9.123590 seconds.
  path: Assets/Art/Cats/cat-playing.png
  artifactKey: Guid(6db13e6e48185bd1a9197f35d0da2a3e) Importer(815301076,1909f56bfc062723c751e8b465ee728b)
Start importing Assets/Art/Cats/cat-playing.png using Guid(6db13e6e48185bd1a9197f35d0da2a3e) Importer(815301076,1909f56bfc062723c751e8b465ee728b)  -> (artifact id: '3bea1c7688b9fd446a4cd51a944e8fcc') in 0.005366 seconds 
========================================================================
Received Import Request.
  Time since last request: 34.090109 seconds.
  path: Assets/Art/Cats/cat-playing.png
  artifactKey: Guid(6db13e6e48185bd1a9197f35d0da2a3e) Importer(815301076,1909f56bfc062723c751e8b465ee728b)
Start importing Assets/Art/Cats/cat-playing.png using Guid(6db13e6e48185bd1a9197f35d0da2a3e) Importer(815301076,1909f56bfc062723c751e8b465ee728b)  -> (artifact id: '2d70426f24d0ce5848e206d86b6cf3ec') in 0.122143 seconds 
========================================================================
Received Import Request.
  Time since last request: 423.941672 seconds.
  path: Assets/Art/Bea/carrying-spritesheet.png
  artifactKey: Guid(f58b8db2ca1f49d33a7f14b096a55d1d) Importer(815301076,1909f56bfc062723c751e8b465ee728b)
Start importing Assets/Art/Bea/carrying-spritesheet.png using Guid(f58b8db2ca1f49d33a7f14b096a55d1d) Importer(815301076,1909f56bfc062723c751e8b465ee728b)  -> (artifact id: '7e50a934477545f565721bd98a38226d') in 0.229794 seconds 
========================================================================
Received Import Request.
  Time since last request: 49.609781 seconds.
  path: Assets/Art/Bea/bea-petting.png
  artifactKey: Guid(b87a893ee96ee616f9a173e8082ea5d0) Importer(815301076,1909f56bfc062723c751e8b465ee728b)
Start importing Assets/Art/Bea/bea-petting.png using Guid(b87a893ee96ee616f9a173e8082ea5d0) Importer(815301076,1909f56bfc062723c751e8b465ee728b)  -> (artifact id: '4f2ac515785f48a6d618a8180a0e2522') in 0.712483 seconds 
========================================================================
Received Import Request.
  Time since last request: 16.348846 seconds.
  path: Assets/Art/Bea/CarryWalkForward.anim
  artifactKey: Guid(0328d97a72b018017b03de84b21d0983) Importer(815301076,1909f56bfc062723c751e8b465ee728b)
Start importing Assets/Art/Bea/CarryWalkForward.anim using Guid(0328d97a72b018017b03de84b21d0983) Importer(815301076,1909f56bfc062723c751e8b465ee728b)  -> (artifact id: '584cc2c85e0f9a141b087fbace257937') in 0.003292 seconds 
========================================================================
Received Import Request.
  Time since last request: 3.756651 seconds.
  path: Assets/Art/Bea/CarryWalkBackward.anim
  artifactKey: Guid(303d0d2c2bd309fceb790e0d195b589c) Importer(815301076,1909f56bfc062723c751e8b465ee728b)
Start importing Assets/Art/Bea/CarryWalkBackward.anim using Guid(303d0d2c2bd309fceb790e0d195b589c) Importer(815301076,1909f56bfc062723c751e8b465ee728b)  -> (artifact id: '3eb70bcd89691dbb806aa8aaa5d45c32') in 0.019161 seconds 
========================================================================
Received Import Request.
  Time since last request: 1.834348 seconds.
  path: Assets/Art/Bea/CarryWalkLeft.anim
  artifactKey: Guid(e27381cb007f03fd79608762f8c3d865) Importer(815301076,1909f56bfc062723c751e8b465ee728b)
Start importing Assets/Art/Bea/CarryWalkLeft.anim using Guid(e27381cb007f03fd79608762f8c3d865) Importer(815301076,1909f56bfc062723c751e8b465ee728b)  -> (artifact id: 'ed23735f5c5bc7b998dd34611dd77dff') in 0.006574 seconds 
========================================================================
Received Import Request.
  Time since last request: 1.773046 seconds.
  path: Assets/Art/Bea/CarryWalkSide.anim
  artifactKey: Guid(8094585cf4b668328aa4264f19bccc9f) Importer(815301076,1909f56bfc062723c751e8b465ee728b)
Start importing Assets/Art/Bea/CarryWalkSide.anim using Guid(8094585cf4b668328aa4264f19bccc9f) Importer(815301076,1909f56bfc062723c751e8b465ee728b)  -> (artifact id: '8844e3350c4a0e6654c9cca19badd7f7') in 0.002999 seconds 
========================================================================
Received Import Request.
  Time since last request: 3.241356 seconds.
  path: Assets/Art/Bea/CarryIdleRight.anim
  artifactKey: Guid(78e4931ac3b7bec5fb3ac4ee76d29b95) Importer(815301076,1909f56bfc062723c751e8b465ee728b)
Start importing Assets/Art/Bea/CarryIdleRight.anim using Guid(78e4931ac3b7bec5fb3ac4ee76d29b95) Importer(815301076,1909f56bfc062723c751e8b465ee728b)  -> (artifact id: 'f4ad194b3e020fa0c9bd71b6c7b7cb0f') in 0.005581 seconds 
========================================================================
Received Import Request.
  Time since last request: 4.208714 seconds.
  path: Assets/Art/Bea/CarryIdleLeft.anim
  artifactKey: Guid(08cc2f2216cc9c1688133f6aedf3b2a2) Importer(815301076,1909f56bfc062723c751e8b465ee728b)
Start importing Assets/Art/Bea/CarryIdleLeft.anim using Guid(08cc2f2216cc9c1688133f6aedf3b2a2) Importer(815301076,1909f56bfc062723c751e8b465ee728b)  -> (artifact id: '4ec12a7d0ebfae142ae4b172165f1e2d') in 0.004028 seconds 
========================================================================
Received Import Request.
  Time since last request: 2.387058 seconds.
  path: Assets/Art/Bea/CarryIdleForward.anim
  artifactKey: Guid(54b0117e22bddcd998362b3e31acb74a) Importer(815301076,1909f56bfc062723c751e8b465ee728b)
Start importing Assets/Art/Bea/CarryIdleForward.anim using Guid(54b0117e22bddcd998362b3e31acb74a) Importer(815301076,1909f56bfc062723c751e8b465ee728b)  -> (artifact id: '076bcdea608c337ae794a3bd1b1db39f') in 0.002716 seconds 
========================================================================
Received Import Request.
  Time since last request: 9.105045 seconds.
  path: Assets/Art/Bea/CarryIdleBackward.anim
  artifactKey: Guid(73f6d138d36f4c81bb0169f6bdd16adf) Importer(815301076,1909f56bfc062723c751e8b465ee728b)
Start importing Assets/Art/Bea/CarryIdleBackward.anim using Guid(73f6d138d36f4c81bb0169f6bdd16adf) Importer(815301076,1909f56bfc062723c751e8b465ee728b)  -> (artifact id: 'aa870c62cc6214ddb1f74e8e5530f747') in 0.037870 seconds 
========================================================================
Received Import Request.
  Time since last request: 2.350653 seconds.
  path: Assets/Art/Bea/CarryIdleBackward.anim
  artifactKey: Guid(73f6d138d36f4c81bb0169f6bdd16adf) Importer(815301076,1909f56bfc062723c751e8b465ee728b)
Start importing Assets/Art/Bea/CarryIdleBackward.anim using Guid(73f6d138d36f4c81bb0169f6bdd16adf) Importer(815301076,1909f56bfc062723c751e8b465ee728b)  -> (artifact id: 'bd8669fe3bef5c7d9f2ca56c2c518649') in 0.001435 seconds 
========================================================================
Received Import Request.
  Time since last request: 906.118718 seconds.
  path: Assets/Art/Bea/bea-carry-walk.png
  artifactKey: Guid(97c76654751e33cdfa97551e58875650) Importer(815301076,1909f56bfc062723c751e8b465ee728b)
Start importing Assets/Art/Bea/bea-carry-walk.png using Guid(97c76654751e33cdfa97551e58875650) Importer(815301076,1909f56bfc062723c751e8b465ee728b)  -> (artifact id: 'a06893a1155d4d367777a8f2584ebddd') in 0.048504 seconds 
========================================================================
Received Import Request.
  Time since last request: 15.965285 seconds.
  path: Assets/Art/Bea/bea-carry-walk.png
  artifactKey: Guid(97c76654751e33cdfa97551e58875650) Importer(815301076,1909f56bfc062723c751e8b465ee728b)
Start importing Assets/Art/Bea/bea-carry-walk.png using Guid(97c76654751e33cdfa97551e58875650) Importer(815301076,1909f56bfc062723c751e8b465ee728b)  -> (artifact id: '018abe5aa740a7f2fef97609226ee454') in 0.024072 seconds 
========================================================================
Received Import Request.
  Time since last request: 12.683824 seconds.
  path: Assets/Art/Bea/bea-carry-walk.png
  artifactKey: Guid(97c76654751e33cdfa97551e58875650) Importer(815301076,1909f56bfc062723c751e8b465ee728b)
Start importing Assets/Art/Bea/bea-carry-walk.png using Guid(97c76654751e33cdfa97551e58875650) Importer(815301076,1909f56bfc062723c751e8b465ee728b)  -> (artifact id: '04bfaa04ddcd506b8289c16f0649991c') in 0.203249 seconds 
========================================================================
Received Import Request.
  Time since last request: 193.039856 seconds.
  path: Assets/Art/Bea/BeaAnimator.controller
  artifactKey: Guid(b3e45bf035e5f810797fe8048110dab0) Importer(815301076,1909f56bfc062723c751e8b465ee728b)
Start importing Assets/Art/Bea/BeaAnimator.controller using Guid(b3e45bf035e5f810797fe8048110dab0) Importer(815301076,1909f56bfc062723c751e8b465ee728b)  -> (artifact id: 'de45159b5c951f34513d1d79f6e03f7e') in 0.009159 seconds 
========================================================================
Received Import Request.
  Time since last request: 21.266829 seconds.
  path: Assets/Art/Bea/BeaAnimator.controller
  artifactKey: Guid(b3e45bf035e5f810797fe8048110dab0) Importer(815301076,1909f56bfc062723c751e8b465ee728b)
Start importing Assets/Art/Bea/BeaAnimator.controller using Guid(b3e45bf035e5f810797fe8048110dab0) Importer(815301076,1909f56bfc062723c751e8b465ee728b)  -> (artifact id: '7595eaf9243f4a10c55f4af2a4abaa4b') in 0.003002 seconds 
========================================================================
Received Import Request.
  Time since last request: 319.659137 seconds.
  path: Assets/Art/Bea/BeaAnimator.controller
  artifactKey: Guid(b3e45bf035e5f810797fe8048110dab0) Importer(815301076,1909f56bfc062723c751e8b465ee728b)
Start importing Assets/Art/Bea/BeaAnimator.controller using Guid(b3e45bf035e5f810797fe8048110dab0) Importer(815301076,1909f56bfc062723c751e8b465ee728b)  -> (artifact id: 'fa165505a8bbce86260c4313bf4bc0b9') in 0.018213 seconds 
========================================================================
Received Import Request.
  Time since last request: 1.224580 seconds.
  path: Assets/Art/Bea/BeaAnimator.controller
  artifactKey: Guid(b3e45bf035e5f810797fe8048110dab0) Importer(815301076,1909f56bfc062723c751e8b465ee728b)
Start importing Assets/Art/Bea/BeaAnimator.controller using Guid(b3e45bf035e5f810797fe8048110dab0) Importer(815301076,1909f56bfc062723c751e8b465ee728b)  -> (artifact id: 'ae552f07ee130206b01d8bf8efbaab59') in 0.008248 seconds 
========================================================================
Received Import Request.
  Time since last request: 95.920632 seconds.
  path: Assets/Art/Bea/BeaAnimator.controller
  artifactKey: Guid(b3e45bf035e5f810797fe8048110dab0) Importer(815301076,1909f56bfc062723c751e8b465ee728b)
Start importing Assets/Art/Bea/BeaAnimator.controller using Guid(b3e45bf035e5f810797fe8048110dab0) Importer(815301076,1909f56bfc062723c751e8b465ee728b)  -> (artifact id: 'b6d3409aab69f73eeca2810da41664c4') in 0.004645 seconds 
========================================================================
Received Import Request.
  Time since last request: 111.564577 seconds.
  path: Assets/Art/Bea/CarryWalkBackward.anim
  artifactKey: Guid(303d0d2c2bd309fceb790e0d195b589c) Importer(815301076,1909f56bfc062723c751e8b465ee728b)
Start importing Assets/Art/Bea/CarryWalkBackward.anim using Guid(303d0d2c2bd309fceb790e0d195b589c) Importer(815301076,1909f56bfc062723c751e8b465ee728b)  -> (artifact id: '99500c70e3fe586e1b2debd9fd62ade2') in 0.001473 seconds 
========================================================================
Received Import Request.
  Time since last request: 9.946256 seconds.
  path: Assets/Art/Bea/CarryWalkForward.anim
  artifactKey: Guid(0328d97a72b018017b03de84b21d0983) Importer(815301076,1909f56bfc062723c751e8b465ee728b)
Start importing Assets/Art/Bea/CarryWalkForward.anim using Guid(0328d97a72b018017b03de84b21d0983) Importer(815301076,1909f56bfc062723c751e8b465ee728b)  -> (artifact id: '5f35ed7c1e019401dce6676a7ceb2e2e') in 0.002137 seconds 
========================================================================
Received Import Request.
  Time since last request: 12.357829 seconds.
  path: Assets/Art/Bea/CarryIdleRight.anim
  artifactKey: Guid(78e4931ac3b7bec5fb3ac4ee76d29b95) Importer(815301076,1909f56bfc062723c751e8b465ee728b)
Start importing Assets/Art/Bea/CarryIdleRight.anim using Guid(78e4931ac3b7bec5fb3ac4ee76d29b95) Importer(815301076,1909f56bfc062723c751e8b465ee728b)  -> (artifact id: '9da08bcfb8a9763392d4bd2b1d89b629') in 0.004915 seconds 
========================================================================
Received Import Request.
  Time since last request: 1.936963 seconds.
  path: Assets/Art/Bea/CarryWalkLeft.anim
  artifactKey: Guid(e27381cb007f03fd79608762f8c3d865) Importer(815301076,1909f56bfc062723c751e8b465ee728b)
Start importing Assets/Art/Bea/CarryWalkLeft.anim using Guid(e27381cb007f03fd79608762f8c3d865) Importer(815301076,1909f56bfc062723c751e8b465ee728b)  -> (artifact id: 'e29740a9001ef83a32e0fbdd38086b97') in 0.002397 seconds 
========================================================================
Received Prepare
Registering precompiled user dll's ...
Registered in 0.006016 seconds.
Begin MonoManager ReloadAssembly
Symbol file LoadedFromMemory doesn't match image /home/elizabeth/KittInn/Library/PackageCache/com.unity.visualscripting@1.7.8/Editor/VisualScripting.Core/Dependencies/YamlDotNet/Unity.VisualScripting.YamlDotNet.dll
Symbol file LoadedFromMemory doesn't match image /home/elizabeth/KittInn/Library/PackageCache/com.unity.visualscripting@1.7.8/Editor/VisualScripting.Core/Dependencies/DotNetZip/Unity.VisualScripting.IonicZip.dll
Native extension for LinuxStandalone target not found
Native extension for WebGL target not found
Refreshing native plugins compatible for Editor in 0.96 ms, found 1 plugins.
Preloading 0 native plugins for Editor in 0.00 ms.
Mono: successfully reloaded assembly
- Completed reload, in  1.901 seconds
Domain Reload Profiling:
	ReloadAssembly (1904ms)
		BeginReloadAssembly (356ms)
			ExecutionOrderSort (0ms)
			DisableScriptedObjects (12ms)
			BackupInstance (0ms)
			ReleaseScriptingObjects (1ms)
			CreateAndSetChildDomain (135ms)
		EndReloadAssembly (1306ms)
			LoadAssemblies (247ms)
			RebuildTransferFunctionScriptingTraits (2ms)
			SetupTypeCache (443ms)
			ReleaseScriptCaches (7ms)
			RebuildScriptCaches (101ms)
			SetupLoadedEditorAssemblies (524ms)
				LogAssemblyErrors (0ms)
				InitializePlatformSupportModulesInManaged (15ms)
				SetLoadedEditorAssemblies (0ms)
				RefreshPlugins (1ms)
				BeforeProcessingInitializeOnLoad (67ms)
				ProcessInitializeOnLoadAttributes (390ms)
				ProcessInitializeOnLoadMethodAttributes (44ms)
				AfterProcessingInitializeOnLoad (5ms)
				EditorAssembliesLoaded (1ms)
			ExecutionOrderSort2 (0ms)
			AwakeInstancesAfterBackupRestoration (12ms)
Platform modules already initialized, skipping
Refreshing native plugins compatible for Editor in 5.73 ms, found 1 plugins.
Preloading 0 native plugins for Editor in 0.00 ms.
Unloading 4248 Unused Serialized files (Serialized files now loaded: 0)
Unloading 32 unused Assets / (200.5 KB). Loaded Objects now: 4773.
Memory consumption went from 175.9 MB to 175.7 MB.
Total: 18.750155 ms (FindLiveObjects: 1.471543 ms CreateObjectMapping: 0.889319 ms MarkObjects: 13.732450 ms  DeleteObjects: 2.652086 ms)

AssetImportParameters requested are different than current active one (requested -> active):
  custom:video-decoder-ogg-theora: a1e56fd34408186e4bbccfd4996cb3dc -> 
  custom:container-muxer-webm: aa71ff27fc2769a1b78a27578f13a17b -> 
  custom:container-demuxer-webm: 4f35f7cbe854078d1ac9338744f61a02 -> 
  custom:video-encoder-webm-vp8: eb34c28f22e8b96e1ab97ce403110664 -> 
  custom:audio-encoder-webm-vorbis: bf7c407c2cedff20999df2af8eb42d56 -> 
  custom:container-demuxer-ogg: 62fdf1f143b41e24485cea50d1cbac27 -> 
  custom:video-decoder-webm-vp8: 9c59270c3fd7afecdb556c50c9e8de78 -> 
  custom:audio-decoder-ogg-vorbis: bf7c407c2cedff20999df2af8eb42d56 -> 
========================================================================
Received Prepare
Registering precompiled user dll's ...
Registered in 0.002995 seconds.
Begin MonoManager ReloadAssembly
Symbol file LoadedFromMemory doesn't match image /home/elizabeth/KittInn/Library/PackageCache/com.unity.visualscripting@1.7.8/Editor/VisualScripting.Core/Dependencies/YamlDotNet/Unity.VisualScripting.YamlDotNet.dll
Symbol file LoadedFromMemory doesn't match image /home/elizabeth/KittInn/Library/PackageCache/com.unity.visualscripting@1.7.8/Editor/VisualScripting.Core/Dependencies/DotNetZip/Unity.VisualScripting.IonicZip.dll
Native extension for LinuxStandalone target not found
Native extension for WebGL target not found
Refreshing native plugins compatible for Editor in 1.55 ms, found 1 plugins.
Preloading 0 native plugins for Editor in 0.00 ms.
Mono: successfully reloaded assembly
- Completed reload, in  1.272 seconds
Domain Reload Profiling:
	ReloadAssembly (1274ms)
		BeginReloadAssembly (153ms)
			ExecutionOrderSort (0ms)
			DisableScriptedObjects (5ms)
			BackupInstance (0ms)
			ReleaseScriptingObjects (0ms)
			CreateAndSetChildDomain (74ms)
		EndReloadAssembly (1035ms)
			LoadAssemblies (65ms)
			RebuildTransferFunctionScriptingTraits (0ms)
			SetupTypeCache (241ms)
			ReleaseScriptCaches (4ms)
			RebuildScriptCaches (68ms)
			SetupLoadedEditorAssemblies (584ms)
				LogAssemblyErrors (0ms)
				InitializePlatformSupportModulesInManaged (11ms)
				SetLoadedEditorAssemblies (0ms)
				RefreshPlugins (2ms)
				BeforeProcessingInitializeOnLoad (69ms)
				ProcessInitializeOnLoadAttributes (433ms)
				ProcessInitializeOnLoadMethodAttributes (59ms)
				AfterProcessingInitializeOnLoad (9ms)
				EditorAssembliesLoaded (0ms)
			ExecutionOrderSort2 (0ms)
			AwakeInstancesAfterBackupRestoration (12ms)
Platform modules already initialized, skipping
Refreshing native plugins compatible for Editor in 4.28 ms, found 1 plugins.
Preloading 0 native plugins for Editor in 0.00 ms.
Unloading 4248 Unused Serialized files (Serialized files now loaded: 0)
Unloading 32 unused Assets / (200.6 KB). Loaded Objects now: 4788.
Memory consumption went from 175.9 MB to 175.7 MB.
Total: 15.189635 ms (FindLiveObjects: 2.411053 ms CreateObjectMapping: 0.762398 ms MarkObjects: 8.929559 ms  DeleteObjects: 3.079155 ms)

AssetImportParameters requested are different than current active one (requested -> active):
  custom:video-decoder-ogg-theora: a1e56fd34408186e4bbccfd4996cb3dc -> 
  custom:container-muxer-webm: aa71ff27fc2769a1b78a27578f13a17b -> 
  custom:container-demuxer-webm: 4f35f7cbe854078d1ac9338744f61a02 -> 
  custom:video-encoder-webm-vp8: eb34c28f22e8b96e1ab97ce403110664 -> 
  custom:audio-encoder-webm-vorbis: bf7c407c2cedff20999df2af8eb42d56 -> 
  custom:container-demuxer-ogg: 62fdf1f143b41e24485cea50d1cbac27 -> 
  custom:video-decoder-webm-vp8: 9c59270c3fd7afecdb556c50c9e8de78 -> 
  custom:audio-decoder-ogg-vorbis: bf7c407c2cedff20999df2af8eb42d56 -> 
========================================================================
Received Import Request.
  Time since last request: 698.433873 seconds.
  path: Assets/Art/Bea/BeaAnimator.controller
  artifactKey: Guid(b3e45bf035e5f810797fe8048110dab0) Importer(815301076,1909f56bfc062723c751e8b465ee728b)
Start importing Assets/Art/Bea/BeaAnimator.controller using Guid(b3e45bf035e5f810797fe8048110dab0) Importer(815301076,1909f56bfc062723c751e8b465ee728b)  -> (artifact id: '0d02bf63e0174705edbc484135ad8677') in 0.031611 seconds 
========================================================================
Received Import Request.
  Time since last request: 38.298222 seconds.
  path: Assets/Prefabs/Cat.prefab
  artifactKey: Guid(a2f88f91d8786f3ee996f90692903acf) Importer(815301076,1909f56bfc062723c751e8b465ee728b)
Start importing Assets/Prefabs/Cat.prefab using Guid(a2f88f91d8786f3ee996f90692903acf) Importer(815301076,1909f56bfc062723c751e8b465ee728b)  -> (artifact id: '8ead97106674a69865305eb4dd71ab49') in 0.092536 seconds 
========================================================================
Received Import Request.
  Time since last request: 4.069967 seconds.
  path: Assets/Prefabs/Cat.prefab
  artifactKey: Guid(a2f88f91d8786f3ee996f90692903acf) Importer(815301076,1909f56bfc062723c751e8b465ee728b)
Start importing Assets/Prefabs/Cat.prefab using Guid(a2f88f91d8786f3ee996f90692903acf) Importer(815301076,1909f56bfc062723c751e8b465ee728b)  -> (artifact id: '6f4248fc3d926a9af53b16a7f0f9a654') in 0.023786 seconds 
========================================================================
Received Import Request.
  Time since last request: 7.937582 seconds.
  path: Assets/Prefabs/Cat.prefab
  artifactKey: Guid(a2f88f91d8786f3ee996f90692903acf) Importer(815301076,1909f56bfc062723c751e8b465ee728b)
Start importing Assets/Prefabs/Cat.prefab using Guid(a2f88f91d8786f3ee996f90692903acf) Importer(815301076,1909f56bfc062723c751e8b465ee728b)  -> (artifact id: 'bfa953bf3b5673675c7a3192192c45d6') in 0.025676 seconds 
========================================================================
Received Import Request.
  Time since last request: 4.587508 seconds.
  path: Assets/Prefabs/Cat.prefab
  artifactKey: Guid(a2f88f91d8786f3ee996f90692903acf) Importer(815301076,1909f56bfc062723c751e8b465ee728b)
Start importing Assets/Prefabs/Cat.prefab using Guid(a2f88f91d8786f3ee996f90692903acf) Importer(815301076,1909f56bfc062723c751e8b465ee728b)  -> (artifact id: '5aac669eedac533742684b2aba97db7d') in 0.032425 seconds 
========================================================================
Received Import Request.
  Time since last request: 2.752806 seconds.
  path: Assets/Prefabs/Cat.prefab
  artifactKey: Guid(a2f88f91d8786f3ee996f90692903acf) Importer(815301076,1909f56bfc062723c751e8b465ee728b)
Start importing Assets/Prefabs/Cat.prefab using Guid(a2f88f91d8786f3ee996f90692903acf) Importer(815301076,1909f56bfc062723c751e8b465ee728b)  -> (artifact id: '4d4d1bf075f9d16984d7e83eff0cd0f4') in 0.029793 seconds 
========================================================================
Received Import Request.
  Time since last request: 2.784154 seconds.
  path: Assets/Prefabs/Cat.prefab
  artifactKey: Guid(a2f88f91d8786f3ee996f90692903acf) Importer(815301076,1909f56bfc062723c751e8b465ee728b)
Start importing Assets/Prefabs/Cat.prefab using Guid(a2f88f91d8786f3ee996f90692903acf) Importer(815301076,1909f56bfc062723c751e8b465ee728b)  -> (artifact id: '728995fd736ee5c4fa8c7fa4a8d14162') in 0.020059 seconds 
========================================================================
Received Import Request.
  Time since last request: 2383.466902 seconds.
  path: Assets/Art/Cats/cat-walk-side-spritesheet.png
  artifactKey: Guid(6934645985e9e19318bdb5ab4a9d2a20) Importer(815301076,1909f56bfc062723c751e8b465ee728b)
Start importing Assets/Art/Cats/cat-walk-side-spritesheet.png using Guid(6934645985e9e19318bdb5ab4a9d2a20) Importer(815301076,1909f56bfc062723c751e8b465ee728b)  -> (artifact id: '6de3bc6e81e1a0dd8b44780874f0d2ca') in 0.075311 seconds 
========================================================================
Received Import Request.
  Time since last request: 0.013375 seconds.
  path: Assets/Art/Cats/cat-idle-spritesheet.png
  artifactKey: Guid(ca86782056bf8a05f9b89153222024e6) Importer(815301076,1909f56bfc062723c751e8b465ee728b)
Start importing Assets/Art/Cats/cat-idle-spritesheet.png using Guid(ca86782056bf8a05f9b89153222024e6) Importer(815301076,1909f56bfc062723c751e8b465ee728b)  -> (artifact id: '994469dc6852d14f59517715c24c0143') in 0.026662 seconds 
========================================================================
Received Import Request.
  Time since last request: 0.000028 seconds.
  path: Assets/Art/Cats/cat-sitting-spritesheet.png
  artifactKey: Guid(6f9364e56208845f6a1e51647edb1c1e) Importer(815301076,1909f56bfc062723c751e8b465ee728b)
Start importing Assets/Art/Cats/cat-sitting-spritesheet.png using Guid(6f9364e56208845f6a1e51647edb1c1e) Importer(815301076,1909f56bfc062723c751e8b465ee728b)  -> (artifact id: 'f53db769b6adef36c21bb5dfd8d11d9b') in 0.025630 seconds 
========================================================================
Received Import Request.
  Time since last request: 0.000100 seconds.
  path: Assets/Art/Cats/cat-walk-back-spritesheet.png
  artifactKey: Guid(5c8b77980c0e22c4f89959ef8b03495b) Importer(815301076,1909f56bfc062723c751e8b465ee728b)
Start importing Assets/Art/Cats/cat-walk-back-spritesheet.png using Guid(5c8b77980c0e22c4f89959ef8b03495b) Importer(815301076,1909f56bfc062723c751e8b465ee728b)  -> (artifact id: '7dc05078afe70bb60084efdc2d0536c9') in 0.026546 seconds 
========================================================================
Received Import Request.
  Time since last request: 0.000031 seconds.
  path: Assets/Art/Cats/cat-playing-spritesheet.png
  artifactKey: Guid(e45c9b75f0f6dd048b15169b4e70c47c) Importer(815301076,1909f56bfc062723c751e8b465ee728b)
Start importing Assets/Art/Cats/cat-playing-spritesheet.png using Guid(e45c9b75f0f6dd048b15169b4e70c47c) Importer(815301076,1909f56bfc062723c751e8b465ee728b)  -> (artifact id: 'fd866eeab49177696ae9b4950f97d5c3') in 0.020940 seconds 
========================================================================
Received Import Request.
  Time since last request: 18.332984 seconds.
  path: Assets/Art/Cats/cat-crouch-spritesheet.png
  artifactKey: Guid(02a73d227765ec02186a6e051970c3bb) Importer(815301076,1909f56bfc062723c751e8b465ee728b)
Start importing Assets/Art/Cats/cat-crouch-spritesheet.png using Guid(02a73d227765ec02186a6e051970c3bb) Importer(815301076,1909f56bfc062723c751e8b465ee728b)  -> (artifact id: '0bb076d7fa837e88cb1093853e280362') in 0.013697 seconds 
========================================================================
Received Import Request.
  Time since last request: 0.000036 seconds.
  path: Assets/Art/Cats/cat-walk-forward-spritesheet.png
  artifactKey: Guid(f5701118d53de6adeb471688ab4846c9) Importer(815301076,1909f56bfc062723c751e8b465ee728b)
Start importing Assets/Art/Cats/cat-walk-forward-spritesheet.png using Guid(f5701118d53de6adeb471688ab4846c9) Importer(815301076,1909f56bfc062723c751e8b465ee728b)  -> (artifact id: 'b9be29416e260e95e26f17d98d750f2b') in 0.015311 seconds 
========================================================================
Received Import Request.
  Time since last request: 0.000030 seconds.
  path: Assets/Art/Cats/cat-sleeping-spritesheet.png
  artifactKey: Guid(0a1a72e82f94fdf3eb58c26d9943eea3) Importer(815301076,1909f56bfc062723c751e8b465ee728b)
Start importing Assets/Art/Cats/cat-sleeping-spritesheet.png using Guid(0a1a72e82f94fdf3eb58c26d9943eea3) Importer(815301076,1909f56bfc062723c751e8b465ee728b)  -> (artifact id: '586fc3b0c8b7aa7b70ceef51f5d1cb3f') in 0.016951 seconds 
Editor requested this worker to shutdown with reason: Scaling down because of idle timeout
AssetImportWorker is now disconnected from the server
Process exiting
Checking for leaked weakptr:
  Found no leaked weakptrs.
All object instances wasn't destroyed before shutting down
Assertion failed on expression: 'm_MemoryFSRefCount == 0'
Memory Statistics:
[ALLOC_TEMP_TLS] TLS Allocator
  StackAllocators : 
    [ALLOC_TEMP_CurlRequest]
      Initial Block Size 64.0 KB
      Current Block Size 64.0 KB
      Peak Allocated Bytes 0 B
      Overflow Count 0
    [ALLOC_TEMP_Loading.PreloadManager]
      Peak usage frame count: [0-1.0 KB]: 1 frames
      Initial Block Size 32.0 MB
      Current Block Size 32.0 MB
      Peak Allocated Bytes 0 B
      Overflow Count 0
    [ALLOC_TEMP_BakingJobs.Worker 11]
      Initial Block Size 256.0 KB
      Current Block Size 256.0 KB
      Peak Allocated Bytes 0 B
      Overflow Count 0
    [ALLOC_TEMP_BakingJobs.Worker 10]
      Initial Block Size 256.0 KB
      Current Block Size 256.0 KB
      Peak Allocated Bytes 0 B
      Overflow Count 0
    [ALLOC_TEMP_BakingJobs.Worker 9]
      Initial Block Size 256.0 KB
      Current Block Size 256.0 KB
      Peak Allocated Bytes 0 B
      Overflow Count 0
    [ALLOC_TEMP_BakingJobs.Worker 8]
      Initial Block Size 256.0 KB
      Current Block Size 256.0 KB
      Peak Allocated Bytes 0 B
      Overflow Count 0
    [ALLOC_TEMP_BakingJobs.Worker 7]
      Initial Block Size 256.0 KB
      Current Block Size 256.0 KB
      Peak Allocated Bytes 0 B
      Overflow Count 0
    [ALLOC_TEMP_BakingJobs.Worker 6]
      Initial Block Size 256.0 KB
      Current Block Size 256.0 KB
      Peak Allocated Bytes 0 B
      Overflow Count 0
    [ALLOC_TEMP_BakingJobs.Worker 5]
      Initial Block Size 256.0 KB
      Current Block Size 256.0 KB
      Peak Allocated Bytes 0 B
      Overflow Count 0
    [ALLOC_TEMP_BakingJobs.Worker 4]
      Initial Block Size 256.0 KB
      Current Block Size 256.0 KB
      Peak Allocated Bytes 0 B
      Overflow Count 0
    [ALLOC_TEMP_BakingJobs.Worker 3]
      Initial Block Size 256.0 KB
      Current Block Size 256.0 KB
      Peak Allocated Bytes 0 B
      Overflow Count 0
    [ALLOC_TEMP_BakingJobs.Worker 2]
      Initial Block Size 256.0 KB
      Current Block Size 256.0 KB
      Peak Allocated Bytes 0 B
      Overflow Count 0
    [ALLOC_TEMP_BakingJobs.Worker 1]
      Initial Block Size 256.0 KB
      Current Block Size 256.0 KB
      Peak Allocated Bytes 0 B
      Overflow Count 0
    [ALLOC_TEMP_BakingJobs.Worker 0]
      Initial Block Size 256.0 KB
      Current Block Size 256.0 KB
      Peak Allocated Bytes 0 B
      Overflow Count 0
    [ALLOC_TEMP_AssetDatabase.FileHasherHasher]
      Initial Block Size 64.0 KB
      Current Block Size 64.0 KB
      Peak Allocated Bytes 31 B
      Overflow Count 0
    [ALLOC_TEMP_AssetDatabase.FileHasherReader]
      Initial Block Size 64.0 KB
      Current Block Size 64.0 KB
      Peak Allocated Bytes 31 B
      Overflow Count 0
    [ALLOC_TEMP_AssetDatabase.FileHasherHasher]
      Initial Block Size 64.0 KB
      Current Block Size 64.0 KB
      Peak Allocated Bytes 31 B
      Overflow Count 0
    [ALLOC_TEMP_AssetDatabase.FileHasherReader]
      Initial Block Size 64.0 KB
      Current Block Size 64.0 KB
      Peak Allocated Bytes 31 B
      Overflow Count 0
    [ALLOC_TEMP_AssetDatabase.FileHasherHasher]
      Initial Block Size 64.0 KB
      Current Block Size 64.0 KB
      Peak Allocated Bytes 31 B
      Overflow Count 0
    [ALLOC_TEMP_AssetDatabase.FileHasherReader]
      Initial Block Size 64.0 KB
      Current Block Size 64.0 KB
      Peak Allocated Bytes 31 B
      Overflow Count 0
    [ALLOC_TEMP_AssetDatabase.FileHasherHasher]
      Initial Block Size 64.0 KB
      Current Block Size 64.0 KB
      Peak Allocated Bytes 31 B
      Overflow Count 0
    [ALLOC_TEMP_AssetDatabase.FileHasherReader]
      Initial Block Size 64.0 KB
      Current Block Size 64.0 KB
      Peak Allocated Bytes 31 B
      Overflow Count 0
    [ALLOC_TEMP_Loading.AsyncRead]
      Initial Block Size 64.0 KB
      Current Block Size 64.0 KB
      Peak Allocated Bytes 0 B
      Overflow Count 0
    [ALLOC_TEMP_BatchDeleteObjects]
      Initial Block Size 64.0 KB
      Current Block Size 64.0 KB
      Peak Allocated Bytes 0 B
      Overflow Count 0
    [ALLOC_TEMP_Background Job.Worker 15]
      Initial Block Size 32.0 KB
      Current Block Size 32.0 KB
      Peak Allocated Bytes 0 B
      Overflow Count 0
    [ALLOC_TEMP_Background Job.Worker 14]
      Initial Block Size 32.0 KB
      Current Block Size 32.0 KB
      Peak Allocated Bytes 0 B
      Overflow Count 0
    [ALLOC_TEMP_Background Job.Worker 13]
      Initial Block Size 32.0 KB
      Current Block Size 32.0 KB
      Peak Allocated Bytes 0 B
      Overflow Count 0
    [ALLOC_TEMP_Background Job.Worker 12]
      Initial Block Size 32.0 KB
      Current Block Size 32.0 KB
      Peak Allocated Bytes 0 B
      Overflow Count 0
    [ALLOC_TEMP_Background Job.Worker 11]
      Initial Block Size 32.0 KB
      Current Block Size 32.0 KB
      Peak Allocated Bytes 0 B
      Overflow Count 0
    [ALLOC_TEMP_Background Job.Worker 10]
      Initial Block Size 32.0 KB
      Current Block Size 32.0 KB
      Peak Allocated Bytes 0 B
      Overflow Count 0
    [ALLOC_TEMP_Background Job.Worker 9]
      Initial Block Size 32.0 KB
      Current Block Size 32.0 KB
      Peak Allocated Bytes 0 B
      Overflow Count 0
    [ALLOC_TEMP_Background Job.Worker 8]
      Initial Block Size 32.0 KB
      Current Block Size 32.0 KB
      Peak Allocated Bytes 0 B
      Overflow Count 0
    [ALLOC_TEMP_Background Job.Worker 7]
      Initial Block Size 32.0 KB
      Current Block Size 32.0 KB
      Peak Allocated Bytes 0 B
      Overflow Count 0
    [ALLOC_TEMP_Background Job.Worker 6]
      Initial Block Size 32.0 KB
      Current Block Size 32.0 KB
      Peak Allocated Bytes 0 B
      Overflow Count 0
    [ALLOC_TEMP_Background Job.Worker 5]
      Initial Block Size 32.0 KB
      Current Block Size 32.0 KB
      Peak Allocated Bytes 0 B
      Overflow Count 0
    [ALLOC_TEMP_Background Job.Worker 4]
      Initial Block Size 32.0 KB
      Current Block Size 32.0 KB
      Peak Allocated Bytes 0 B
      Overflow Count 0
    [ALLOC_TEMP_Background Job.Worker 3]
      Initial Block Size 32.0 KB
      Current Block Size 32.0 KB
      Peak Allocated Bytes 0 B
      Overflow Count 0
    [ALLOC_TEMP_Background Job.Worker 2]
      Initial Block Size 32.0 KB
      Current Block Size 32.0 KB
      Peak Allocated Bytes 0 B
      Overflow Count 0
    [ALLOC_TEMP_Background Job.Worker 1]
      Initial Block Size 32.0 KB
      Current Block Size 32.0 KB
      Peak Allocated Bytes 0 B
      Overflow Count 0
    [ALLOC_TEMP_Background Job.Worker 0]
      Initial Block Size 32.0 KB
      Current Block Size 36.0 KB
      Peak Allocated Bytes 16.5 KB
      Overflow Count 0
    [ALLOC_TEMP_Job.Worker 10]
      Initial Block Size 256.0 KB
      Current Block Size 256.0 KB
      Peak Allocated Bytes 0 B
      Overflow Count 0
    [ALLOC_TEMP_Job.Worker 9]
      Initial Block Size 256.0 KB
      Current Block Size 256.0 KB
      Peak Allocated Bytes 0 B
      Overflow Count 0
    [ALLOC_TEMP_Job.Worker 8]
      Initial Block Size 256.0 KB
      Current Block Size 256.0 KB
      Peak Allocated Bytes 0 B
      Overflow Count 0
    [ALLOC_TEMP_Job.Worker 7]
      Initial Block Size 256.0 KB
      Current Block Size 256.0 KB
      Peak Allocated Bytes 0 B
      Overflow Count 0
    [ALLOC_TEMP_Job.Worker 6]
      Initial Block Size 256.0 KB
      Current Block Size 256.0 KB
      Peak Allocated Bytes 0 B
      Overflow Count 0
    [ALLOC_TEMP_Job.Worker 5]
      Initial Block Size 256.0 KB
      Current Block Size 256.0 KB
      Peak Allocated Bytes 0 B
      Overflow Count 0
    [ALLOC_TEMP_Job.Worker 4]
      Initial Block Size 256.0 KB
      Current Block Size 256.0 KB
      Peak Allocated Bytes 0 B
      Overflow Count 0
    [ALLOC_TEMP_Job.Worker 3]
      Initial Block Size 256.0 KB
      Current Block Size 256.0 KB
      Peak Allocated Bytes 0 B
      Overflow Count 0
    [ALLOC_TEMP_Job.Worker 2]
      Initial Block Size 256.0 KB
      Current Block Size 256.0 KB
      Peak Allocated Bytes 0 B
      Overflow Count 0
    [ALLOC_TEMP_Job.Worker 1]
      Initial Block Size 256.0 KB
      Current Block Size 256.0 KB
      Peak Allocated Bytes 0 B
      Overflow Count 0
    [ALLOC_TEMP_Job.Worker 0]
      Initial Block Size 256.0 KB
      Current Block Size 256.0 KB
      Peak Allocated Bytes 0 B
      Overflow Count 0
    [ALLOC_TEMP_MAIN]
      Initial Block Size 16.0 MB
      Current Block Size 17.6 MB
      Peak Allocated Bytes 14.4 MB
      Overflow Count 0
    [ALLOC_TEMP_CoreBusinessMetricsCache]
      Initial Block Size 64.0 KB
      Current Block Size 64.0 KB
      Peak Allocated Bytes 0 B
      Overflow Count 0
    [ALLOC_TEMP_AssetDatabase.IOService]
      Initial Block Size 64.0 KB
      Current Block Size 64.0 KB
      Peak Allocated Bytes 32.6 KB
      Overflow Count 0
    [ALLOC_TEMP_Loading.PreloadManager] x 2
      Initial Block Size 32.0 MB
      Current Block Size 32.0 MB
      Peak Allocated Bytes 0 B
      Overflow Count 0
    [ALLOC_TEMP_Profiler.Dispatcher]
      Initial Block Size 64.0 KB
      Current Block Size 64.0 KB
      Peak Allocated Bytes 0 B
      Overflow Count 0
    [ALLOC_TEMP_AssetGarbageCollectorHelper] x 11
      Initial Block Size 64.0 KB
      Current Block Size 64.0 KB
      Peak Allocated Bytes 0 B
      Overflow Count 0
[ALLOC_MEMORYPROFILER]
  Requested Block Size 1.0 MB
  Peak Block count 2
  Peak Allocated memory 1.0 MB
  Peak Large allocation bytes 0 B
[ALLOC_DEFAULT] Dual Thread Allocator
  Peak main deferred allocation count 464
    [ALLOC_BUCKET]
      Large Block size 32.0 MB
      Used Block count 1
      Peak Allocated bytes 6.8 MB
    [ALLOC_DEFAULT_MAIN]
      Requested Block Size 16.0 MB
      Peak Block count 5
      Peak Allocated memory 73.8 MB
      Peak Large allocation bytes 0 B
    [ALLOC_DEFAULT_THREAD]
      Requested Block Size 16.0 MB
      Peak Block count 1
      Peak Allocated memory 405.2 KB
      Peak Large allocation bytes 0 B
[ALLOC_TEMP_JOB_1_FRAME]
  Initial Block Size 2.0 MB
  Used Block Count 1
  Overflow Count (too large) 0
  Overflow Count (full) 0
[ALLOC_TEMP_JOB_2_FRAMES]
  Initial Block Size 2.0 MB
  Used Block Count 1
  Overflow Count (too large) 0
  Overflow Count (full) 0
[ALLOC_TEMP_JOB_4_FRAMES (JobTemp)]
  Initial Block Size 2.0 MB
  Used Block Count 1
  Overflow Count (too large) 0
  Overflow Count (full) 0
[ALLOC_TEMP_JOB_ASYNC (Background)]
  Initial Block Size 1.0 MB
  Used Block Count 2
  Overflow Count (too large) 0
  Overflow Count (full) 0
[ALLOC_GFX] Dual Thread Allocator
  Peak main deferred allocation count 0
    [ALLOC_BUCKET]
      Large Block size 32.0 MB
      Used Block count 1
      Peak Allocated bytes 6.8 MB
    [ALLOC_GFX_MAIN]
      Requested Block Size 16.0 MB
      Peak Block count 1
      Peak Allocated memory 1.5 MB
      Peak Large allocation bytes 0 B
    [ALLOC_GFX_THREAD]
      Requested Block Size 16.0 MB
      Peak Block count 0
      Peak Allocated memory 0 B
      Peak Large allocation bytes 0 B
[ALLOC_CACHEOBJECTS] Dual Thread Allocator
  Peak main deferred allocation count 21498
    [ALLOC_BUCKET]
      Large Block size 32.0 MB
      Used Block count 1
      Peak Allocated bytes 6.8 MB
    [ALLOC_CACHEOBJECTS_MAIN]
      Requested Block Size 4.0 MB
      Peak Block count 20
      Peak Allocated memory 75.0 MB
      Peak Large allocation bytes 0 B
    [ALLOC_CACHEOBJECTS_THREAD]
      Requested Block Size 4.0 MB
      Peak Block count 0
      Peak Allocated memory 0 B
      Peak Large allocation bytes 0 B
[ALLOC_TYPETREE] Dual Thread Allocator
  Peak main deferred allocation count 25580
    [ALLOC_BUCKET]
      Large Block size 32.0 MB
      Used Block count 1
      Peak Allocated bytes 6.8 MB
    [ALLOC_TYPETREE_MAIN]
      Requested Block Size 2.0 MB
      Peak Block count 11
      Peak Allocated memory 19.5 MB
      Peak Large allocation bytes 0 B
    [ALLOC_TYPETREE_THREAD]
      Requested Block Size 2.0 MB
      Peak Block count 0
      Peak Allocated memory 0 B
      Peak Large allocation bytes 0 B
[ALLOC_PROFILER]
  Requested Block Size 16.0 MB
  Peak Block count 1
  Peak Allocated memory 58.0 KB
  Peak Large allocation bytes 0 B
    [ALLOC_PROFILER_BUCKET]
      Large Block size 32.0 MB
      Used Block count 1
      Peak Allocated bytes 368 B
[ALLOC_PROFILER_EDITOR]
  Requested Block Size 1.0 MB
  Peak Block count 0
  Peak Allocated memory 0 B
  Peak Large allocation bytes 0 B
    [ALLOC_PROFILER_BUCKET]
      Large Block size 32.0 MB
      Used Block count 1
      Peak Allocated bytes 368 B
##utp:{"type":"MemoryLeaks","version":2,"phase":"Immediate","time":1669794222773,"processId":7068,"allocatedMemory":81851286,"memoryLabels":[{"Default":36027},{"Permanent":19376},{"Thread":1098552},{"Manager":1825457},{"VertexData":300},{"Geometry":408},{"Particles":17856},{"VFX":768},{"Texture":108289},{"Shader":334868},{"Material":6040},{"GfxDevice":223824},{"Animation":15006},{"Audio":4508},{"Font":1400},{"FontEngine":4096},{"Physics":268733},{"Physics2D":152912},{"Serialization":7089671},{"Input":59504},{"JobScheduler":576},{"GarbageCollector":1049152},{"Mono":92},{"ScriptingNativeRuntime":43520},{"BaseObject":1838695},{"Resource":1180},{"Renderer":9820},{"Transform":48},{"File":12810},{"Network":3032},{"WebCam":24},{"Culling":48},{"Terrain":1065},{"TerrainPhysics":8},{"Wind":24},{"STL":520704},{"String":50361355},{"DynamicArray":4325895},{"HashMap":2260278},{"Utility":2372634},{"Curl":1112},{"PoolAlloc":558152},{"AI":59616},{"TypeTree":2064},{"ScriptManager":1809306},{"RuntimeInitializeOnLoadManager":72},{"AncestorCache":32},{"SpriteAtlas":112},{"GI":15312},{"Unet":16},{"Director":7816},{"WebRequest":720},{"VR":45921},{"SceneManager":640},{"Video":256},{"LazyScriptCache":32},{"ManagedAttributeManager":1},{"TextureStreaming":1416},{"NativeArray":12},{"ScreenCapture":8},{"Camera":25},{"Secure":1},{"CrashReporter":968},{"SerializationCache":624},{"APIUpdating":5872},{"Subsystems":384},{"VirtualTexturing":59424},{"StaticSafetyDebugInfo":327752},{"EditorGui":8084},{"EditorUtility":55959},{"VersionControl":4},{"Undo":450},{"AssetDatabase":4453788},{"AssetImporter":272726},{"RestService":5994},{"EditorGi":23704},{"ProgressiveLightmapper":10832},{"License":48},{"UnityConnect":28584},{"Collab":641},{"Upm":1128},{"DrivenProperties":80},{"HubClient":32},{"LocalIPC":119},{"ProfilerEditor":20157},{"CoreBusinessMetrics":2703},{"AssetReference":32}]}
